<?xml version="1.0" encoding="UTF-8"?>
<testng-results skipped="0" failed="0" ignored="0" total="2" passed="2">
  <reporter-output>
  </reporter-output>
  <suite name="Parameterization sample Test Suite" duration-ms="85" started-at="2020-01-08T09:45:00 IST" finished-at="2020-01-08T09:45:00 IST">
    <groups>
    </groups>
    <test name="parameterDemo Testing" duration-ms="85" started-at="2020-01-08T09:45:00 IST" finished-at="2020-01-08T09:45:00 IST">
      <class name="testNgdemo.Sample2">
        <test-method status="PASS" signature="testCaseOne(java.lang.String)[pri:1, instance:testNgdemo.Sample2@65e2dbf3]" name="testCaseOne" duration-ms="19" started-at="2020-01-08T09:45:00 IST" finished-at="2020-01-08T09:45:00 IST">
          <params>
            <param index="0">
              <value>
                <![CDATA[Firefox]]>
              </value>
            </param>
          </params>
          <reporter-output>
          </reporter-output>
        </test-method> <!-- testCaseOne -->
        <test-method status="PASS" signature="testCaseTwo(java.lang.String, java.lang.String)[pri:2, instance:testNgdemo.Sample2@65e2dbf3]" name="testCaseTwo" duration-ms="2" started-at="2020-01-08T09:45:00 IST" finished-at="2020-01-08T09:45:00 IST">
          <params>
            <param index="0">
              <value>
                <![CDATA[testuser]]>
              </value>
            </param>
            <param index="1">
              <value>
                <![CDATA[testpassword]]>
              </value>
            </param>
          </params>
          <reporter-output>
          </reporter-output>
        </test-method> <!-- testCaseTwo -->
      </class> <!-- testNgdemo.Sample2 -->
    </test> <!-- parameterDemo Testing -->
  </suite> <!-- Parameterization sample Test Suite -->
</testng-results>
